# JRE version: Java(TM) SE Runtime Environment (8.0_221-b11) (build 1.8.0_221-b11)
# Java VM: Java HotSpot(TM) 64-Bit Server VM (25.221-b11 mixed mode windows-amd64 compressed oops)
Heap:
 PSYoungGen      total 331264K, used 241664K [0x000000078ab00000, 0x00000007a9580000, 0x00000007c0000000)
  eden space 241664K, 100% used [0x000000078ab00000,0x0000000799700000,0x0000000799700000)
  from space 89600K, 0% used [0x00000007a0680000,0x00000007a0680000,0x00000007a5e00000)
  to   space 114176K, 0% used [0x0000000799700000,0x0000000799700000,0x00000007a0680000)
 ParOldGen       total 328704K, used 328645K [0x0000000720000000, 0x0000000734100000, 0x000000078ab00000)
  object space 328704K, 99% used [0x0000000720000000,0x00000007340f1538,0x0000000734100000)
 Metaspace       used 121877K, capacity 128327K, committed 128512K, reserved 1161216K
  class space    used 16243K, capacity 17623K, committed 17664K, reserved 1048576K
GC Heap History (10 events):
Event: 342.342 GC heap after
Heap after GC invocations=41 (full 11):
 PSYoungGen      total 331264K, used 141410K [0x000000078ab00000, 0x00000007a9580000, 0x00000007c0000000)
  eden space 241664K, 58% used [0x000000078ab00000,0x0000000793518ba8,0x0000000799700000)
  from space 89600K, 0% used [0x00000007a0680000,0x00000007a0680000,0x00000007a5e00000)
  to   space 114176K, 0% used [0x0000000799700000,0x0000000799700000,0x00000007a0680000)
 ParOldGen       total 328704K, used 328504K [0x0000000720000000, 0x0000000734100000, 0x000000078ab00000)
  object space 328704K, 99% used [0x0000000720000000,0x00000007340ce238,0x0000000734100000)
 Metaspace       used 118590K, capacity 124501K, committed 124672K, reserved 1157120K
  class space    used 15829K, capacity 17130K, committed 17152K, reserved 1048576K
}
Event: 343.973 GC heap before
{Heap before GC invocations=42 (full 12):
 PSYoungGen      total 331264K, used 241664K [0x000000078ab00000, 0x00000007a9580000, 0x00000007c0000000)
  eden space 241664K, 100% used [0x000000078ab00000,0x0000000799700000,0x0000000799700000)
  from space 89600K, 0% used [0x00000007a0680000,0x00000007a0680000,0x00000007a5e00000)
  to   space 114176K, 0% used [0x0000000799700000,0x0000000799700000,0x00000007a0680000)
 ParOldGen       total 328704K, used 328504K [0x0000000720000000, 0x0000000734100000, 0x000000078ab00000)
  object space 328704K, 99% used [0x0000000720000000,0x00000007340ce238,0x0000000734100000)
 Metaspace       used 118846K, capacity 124819K, committed 125056K, reserved 1157120K
  class space    used 15863K, capacity 17155K, committed 17280K, reserved 1048576K
Event: 345.485 GC heap after
Heap after GC invocations=42 (full 12):
 PSYoungGen      total 331264K, used 154002K [0x000000078ab00000, 0x00000007a9580000, 0x00000007c0000000)
  eden space 241664K, 63% used [0x000000078ab00000,0x0000000794164a80,0x0000000799700000)
  from space 89600K, 0% used [0x00000007a0680000,0x00000007a0680000,0x00000007a5e00000)
  to   space 114176K, 0% used [0x0000000799700000,0x0000000799700000,0x00000007a0680000)
 ParOldGen       total 328704K, used 328616K [0x0000000720000000, 0x0000000734100000, 0x000000078ab00000)
  object space 328704K, 99% used [0x0000000720000000,0x00000007340ea158,0x0000000734100000)
 Metaspace       used 118846K, capacity 124819K, committed 125056K, reserved 1157120K
  class space    used 15863K, capacity 17155K, committed 17280K, reserved 1048576K
}
Event: 346.502 GC heap before
{Heap before GC invocations=43 (full 13):
 PSYoungGen      total 331264K, used 241664K [0x000000078ab00000, 0x00000007a9580000, 0x00000007c0000000)
  eden space 241664K, 100% used [0x000000078ab00000,0x0000000799700000,0x0000000799700000)
  from space 89600K, 0% used [0x00000007a0680000,0x00000007a0680000,0x00000007a5e00000)
  to   space 114176K, 0% used [0x0000000799700000,0x0000000799700000,0x00000007a0680000)
 ParOldGen       total 328704K, used 328616K [0x0000000720000000, 0x0000000734100000, 0x000000078ab00000)
  object space 328704K, 99% used [0x0000000720000000,0x00000007340ea158,0x0000000734100000)
 Metaspace       used 119105K, capacity 125239K, committed 125312K, reserved 1157120K
  class space    used 15898K, capacity 17221K, committed 17280K, reserved 1048576K
Event: 348.000 GC heap after
Heap after GC invocations=43 (full 13):
 PSYoungGen      total 331264K, used 106360K [0x000000078ab00000, 0x00000007a9580000, 0x00000007c0000000)
  eden space 241664K, 44% used [0x000000078ab00000,0x00000007912de008,0x0000000799700000)
  from space 89600K, 0% used [0x00000007a0680000,0x00000007a0680000,0x00000007a5e00000)
  to   space 114176K, 0% used [0x0000000799700000,0x0000000799700000,0x00000007a0680000)
 ParOldGen       total 328704K, used 328646K [0x0000000720000000, 0x0000000734100000, 0x000000078ab00000)
  object space 328704K, 99% used [0x0000000720000000,0x00000007340f1b40,0x0000000734100000)
 Metaspace       used 119105K, capacity 125239K, committed 125312K, reserved 1157120K
  class space    used 15898K, capacity 17221K, committed 17280K, reserved 1048576K
}
Event: 349.005 GC heap before
{Heap before GC invocations=44 (full 14):
 PSYoungGen      total 331264K, used 241664K [0x000000078ab00000, 0x00000007a9580000, 0x00000007c0000000)
  eden space 241664K, 100% used [0x000000078ab00000,0x0000000799700000,0x0000000799700000)
  from space 89600K, 0% used [0x00000007a0680000,0x00000007a0680000,0x00000007a5e00000)
  to   space 114176K, 0% used [0x0000000799700000,0x0000000799700000,0x00000007a0680000)
 ParOldGen       total 328704K, used 328646K [0x0000000720000000, 0x0000000734100000, 0x000000078ab00000)
  object space 328704K, 99% used [0x0000000720000000,0x00000007340f1b40,0x0000000734100000)
 Metaspace       used 119889K, capacity 126057K, committed 126208K, reserved 1159168K
  class space    used 15990K, capacity 17338K, committed 17408K, reserved 1048576K
Event: 349.691 GC heap after
Heap after GC invocations=44 (full 14):
 PSYoungGen      total 331264K, used 112460K [0x000000078ab00000, 0x00000007a9580000, 0x00000007c0000000)
  eden space 241664K, 46% used [0x000000078ab00000,0x00000007918d3140,0x0000000799700000)
  from space 89600K, 0% used [0x00000007a0680000,0x00000007a0680000,0x00000007a5e00000)
  to   space 114176K, 0% used [0x0000000799700000,0x0000000799700000,0x00000007a0680000)
 ParOldGen       total 328704K, used 328646K [0x0000000720000000, 0x0000000734100000, 0x000000078ab00000)
  object space 328704K, 99% used [0x0000000720000000,0x00000007340f1830,0x0000000734100000)
 Metaspace       used 119889K, capacity 126057K, committed 126208K, reserved 1159168K
  class space    used 15990K, capacity 17338K, committed 17408K, reserved 1048576K
}
Event: 350.021 GC heap before
{Heap before GC invocations=45 (full 15):
 PSYoungGen      total 331264K, used 241664K [0x000000078ab00000, 0x00000007a9580000, 0x00000007c0000000)
  eden space 241664K, 100% used [0x000000078ab00000,0x0000000799700000,0x0000000799700000)
  from space 89600K, 0% used [0x00000007a0680000,0x00000007a0680000,0x00000007a5e00000)
  to   space 114176K, 0% used [0x0000000799700000,0x0000000799700000,0x00000007a0680000)
 ParOldGen       total 328704K, used 328646K [0x0000000720000000, 0x0000000734100000, 0x000000078ab00000)
  object space 328704K, 99% used [0x0000000720000000,0x00000007340f1830,0x0000000734100000)
 Metaspace       used 119890K, capacity 126057K, committed 126208K, reserved 1159168K
  class space    used 15990K, capacity 17338K, committed 17408K, reserved 1048576K
Event: 350.749 GC heap after
Heap after GC invocations=45 (full 15):
 PSYoungGen      total 331264K, used 121000K [0x000000078ab00000, 0x00000007a9580000, 0x00000007c0000000)
  eden space 241664K, 50% used [0x000000078ab00000,0x000000079212a0d8,0x0000000799700000)
  from space 89600K, 0% used [0x00000007a0680000,0x00000007a0680000,0x00000007a5e00000)
  to   space 114176K, 0% used [0x0000000799700000,0x0000000799700000,0x00000007a0680000)
 ParOldGen       total 328704K, used 328645K [0x0000000720000000, 0x0000000734100000, 0x000000078ab00000)
  object space 328704K, 99% used [0x0000000720000000,0x00000007340f1538,0x0000000734100000)
 Metaspace       used 119890K, capacity 126057K, committed 126208K, reserved 1159168K
  class space    used 15990K, capacity 17338K, committed 17408K, reserved 1048576K
}
Event: 354.132 GC heap before
{Heap before GC invocations=46 (full 16):
 PSYoungGen      total 331264K, used 241664K [0x000000078ab00000, 0x00000007a9580000, 0x00000007c0000000)
  eden space 241664K, 100% used [0x000000078ab00000,0x0000000799700000,0x0000000799700000)
  from space 89600K, 0% used [0x00000007a0680000,0x00000007a0680000,0x00000007a5e00000)
  to   space 114176K, 0% used [0x0000000799700000,0x0000000799700000,0x00000007a0680000)
 ParOldGen       total 328704K, used 328645K [0x0000000720000000, 0x0000000734100000, 0x000000078ab00000)
  object space 328704K, 99% used [0x0000000720000000,0x00000007340f1538,0x0000000734100000)
 Metaspace       used 121877K, capacity 128327K, committed 128512K, reserved 1161216K
  class space    used 16243K, capacity 17623K, committed 17664K, reserved 1048576K

